<?xml version="1.0" encoding="UTF-8"?>
<!-- Generated by org.testng.reporters.JUnitReportReporter -->
<testsuite hostname="Akshay-PC" failures="0" tests="2" name="setUp.RunSetup" time="55.237" errors="0" timestamp="2023-11-16T14:57:18 IST" skipped="0">
  <testcase classname="setUp.RunSetup" name="loginIntoApplication" time="25.468"/>
  <system-out/>
  <testcase classname="setUp.RunSetup" name="verifyElementsInPage" time="29.769"/>
  <system-out/>
</testsuite> <!-- setUp.RunSetup -->
