<?xml version="1.0" encoding="UTF-8"?>
<!-- Generated by org.testng.reporters.JUnitReportReporter -->
<testsuite hostname="Akshay-PC" failures="0" tests="3" name="setUp.RunSetup" time="16.583" errors="0" timestamp="2023-11-16T17:26:42 IST" skipped="1">
  <testcase classname="setUp.RunSetup" name="loginIntoApplication" time="6.757"/>
  <system-out/>
  <testcase classname="setUp.RunSetup" name="topNavigationBarandClickOnIt" time="9.826"/>
  <system-out/>
  <testcase classname="setUp.RunSetup" name="verifyElementsInPage">
    <skipped/>
  </testcase> <!-- verifyElementsInPage -->
  <system-out/>
</testsuite> <!-- setUp.RunSetup -->
