<?xml version="1.0" encoding="UTF-8"?>
<!-- Generated by org.testng.reporters.JUnitReportReporter -->
<testsuite hostname="Akshay-PC" failures="0" tests="5" name="setUp.RunSetup" time="135.577" errors="0" timestamp="2023-11-17T13:36:45 IST" skipped="0">
  <testcase classname="setUp.RunSetup" name="loginIntoApplication" time="12.741"/>
  <system-out/>
  <testcase classname="setUp.RunSetup" name="verifyElementsInPage" time="36.959"/>
  <system-out/>
  <testcase classname="setUp.RunSetup" name="topNavigationBarandClickOnIt" time="0.243"/>
  <system-out/>
  <testcase classname="setUp.RunSetup" name="matchCarouselwithMainTitle" time="3.095"/>
  <system-out/>
  <testcase classname="setUp.RunSetup" name="searchBar" time="82.539"/>
  <system-out/>
</testsuite> <!-- setUp.RunSetup -->
